
15:55:22.994 [main] INFO  testCases.TC_003_LoginDDT - *****Starting TC_003_LoginDDT*****
15:55:23.057 [main] INFO  testCases.TC_003_LoginDDT - Clicked on my account
15:55:23.374 [main] INFO  testCases.TC_003_LoginDDT - Clicked on login link
15:55:23.376 [main] INFO  testCases.TC_003_LoginDDT - Providing login details
15:55:23.559 [main] INFO  testCases.TC_003_LoginDDT - Clicked on login button
15:55:24.170 [main] INFO  testCases.TC_003_LoginDDT - *****Finish TC_003_LoginDDT*****
15:55:24.182 [main] INFO  testCases.TC_003_LoginDDT - *****Starting TC_003_LoginDDT*****
15:55:24.217 [main] INFO  testCases.TC_003_LoginDDT - Clicked on my account
15:55:24.424 [main] INFO  testCases.TC_003_LoginDDT - Clicked on login link
15:55:24.424 [main] INFO  testCases.TC_003_LoginDDT - Providing login details
15:55:24.560 [main] INFO  testCases.TC_003_LoginDDT - Clicked on login button
15:55:34.595 [main] INFO  testCases.TC_003_LoginDDT - *****Finish TC_003_LoginDDT*****
15:55:34.601 [main] INFO  testCases.TC_003_LoginDDT - *****Starting TC_003_LoginDDT*****
15:55:34.642 [main] INFO  testCases.TC_003_LoginDDT - Clicked on my account
15:55:34.875 [main] INFO  testCases.TC_003_LoginDDT - Clicked on login link
15:55:34.875 [main] INFO  testCases.TC_003_LoginDDT - Providing login details
15:55:35.005 [main] INFO  testCases.TC_003_LoginDDT - Clicked on login button
15:55:45.046 [main] INFO  testCases.TC_003_LoginDDT - *****Finish TC_003_LoginDDT*****
15:55:45.051 [main] INFO  testCases.TC_003_LoginDDT - *****Starting TC_003_LoginDDT*****
15:55:45.107 [main] INFO  testCases.TC_003_LoginDDT - Clicked on my account
15:55:45.338 [main] INFO  testCases.TC_003_LoginDDT - Clicked on login link
15:55:45.338 [main] INFO  testCases.TC_003_LoginDDT - Providing login details
15:55:45.461 [main] INFO  testCases.TC_003_LoginDDT - Clicked on login button
15:55:55.470 [main] INFO  testCases.TC_003_LoginDDT - *****Finish TC_003_LoginDDT*****
15:55:55.473 [main] INFO  testCases.TC_003_LoginDDT - *****Starting TC_003_LoginDDT*****
15:55:55.513 [main] INFO  testCases.TC_003_LoginDDT - Clicked on my account
15:55:55.707 [main] INFO  testCases.TC_003_LoginDDT - Clicked on login link
15:55:55.720 [main] INFO  testCases.TC_003_LoginDDT - Providing login details
15:55:55.855 [main] INFO  testCases.TC_003_LoginDDT - Clicked on login button
15:55:56.520 [main] INFO  testCases.TC_003_LoginDDT - *****Finish TC_003_LoginDDT*****
16:01:41.361 [main] INFO  testCases.TC_003_LoginDDT - *****Starting TC_003_LoginDDT*****
16:01:41.421 [main] INFO  testCases.TC_003_LoginDDT - Clicked on my account
16:01:42.020 [main] INFO  testCases.TC_003_LoginDDT - Clicked on login link
16:01:42.021 [main] INFO  testCases.TC_003_LoginDDT - Providing login details
16:01:42.224 [main] INFO  testCases.TC_003_LoginDDT - Clicked on login button
16:01:43.462 [main] INFO  testCases.TC_003_LoginDDT - *****Finish TC_003_LoginDDT*****
16:01:43.477 [main] INFO  testCases.TC_003_LoginDDT - *****Starting TC_003_LoginDDT*****
16:01:43.535 [main] INFO  testCases.TC_003_LoginDDT - Clicked on my account
16:01:43.865 [main] INFO  testCases.TC_003_LoginDDT - Clicked on login link
16:01:43.866 [main] INFO  testCases.TC_003_LoginDDT - Providing login details
16:01:44.038 [main] INFO  testCases.TC_003_LoginDDT - Clicked on login button
16:01:54.095 [main] INFO  testCases.TC_003_LoginDDT - *****Finish TC_003_LoginDDT*****
16:01:54.101 [main] INFO  testCases.TC_003_LoginDDT - *****Starting TC_003_LoginDDT*****
16:01:54.169 [main] INFO  testCases.TC_003_LoginDDT - Clicked on my account
16:01:54.533 [main] INFO  testCases.TC_003_LoginDDT - Clicked on login link
16:01:54.533 [main] INFO  testCases.TC_003_LoginDDT - Providing login details
16:01:54.854 [main] INFO  testCases.TC_003_LoginDDT - Clicked on login button
16:02:04.923 [main] INFO  testCases.TC_003_LoginDDT - *****Finish TC_003_LoginDDT*****
16:02:04.928 [main] INFO  testCases.TC_003_LoginDDT - *****Starting TC_003_LoginDDT*****
16:02:04.978 [main] INFO  testCases.TC_003_LoginDDT - Clicked on my account
16:02:05.381 [main] INFO  testCases.TC_003_LoginDDT - Clicked on login link
16:02:05.382 [main] INFO  testCases.TC_003_LoginDDT - Providing login details
16:02:05.608 [main] INFO  testCases.TC_003_LoginDDT - Clicked on login button
16:02:15.621 [main] INFO  testCases.TC_003_LoginDDT - *****Finish TC_003_LoginDDT*****
16:02:15.626 [main] INFO  testCases.TC_003_LoginDDT - *****Starting TC_003_LoginDDT*****
16:02:15.700 [main] INFO  testCases.TC_003_LoginDDT - Clicked on my account
16:02:16.105 [main] INFO  testCases.TC_003_LoginDDT - Clicked on login link
16:02:16.106 [main] INFO  testCases.TC_003_LoginDDT - Providing login details
16:02:16.388 [main] INFO  testCases.TC_003_LoginDDT - Clicked on login button
16:02:17.517 [main] INFO  testCases.TC_003_LoginDDT - *****Finish TC_003_LoginDDT*****
19:43:17.450 [main] INFO  testCases.TC_002_LoginTest - *****Starting TC_002_LoginTest*****
19:43:17.519 [main] INFO  testCases.TC_002_LoginTest - Clicked on my account
19:43:17.974 [main] INFO  testCases.TC_002_LoginTest - Clicked on login link
19:43:17.976 [main] INFO  testCases.TC_002_LoginTest - Providing login details
19:43:18.183 [main] INFO  testCases.TC_002_LoginTest - Clicked on login button
19:43:18.825 [main] INFO  testCases.TC_002_LoginTest - *****Finish TC_002_LoginTest*****
19:46:36.401 [main] INFO  testCases.TC_001_account_Registration - Starting TC_001_account_Registration TEST.... 
19:46:36.472 [main] INFO  testCases.TC_001_account_Registration - reg lin clicked.... 
19:46:37.175 [main] INFO  testCases.TC_001_account_Registration - public policy start.... 
19:46:40.207 [main] INFO  testCases.TC_001_account_Registration - public policy end.... 
19:46:40.231 [main] INFO  testCases.TC_001_account_Registration - clicked on continue.... 
19:46:41.088 [main] INFO  testCases.TC_001_account_Registration - verifying msgs.... 
19:46:41.093 [main] INFO  testCases.TC_001_account_Registration - Finished  TC_001_account_Registration TEST.... 
19:46:43.045 [main] INFO  testCases.TC_002_LoginTest - *****Starting TC_002_LoginTest*****
19:46:43.107 [main] INFO  testCases.TC_002_LoginTest - Clicked on my account
19:46:43.570 [main] INFO  testCases.TC_002_LoginTest - Clicked on login link
19:46:43.571 [main] INFO  testCases.TC_002_LoginTest - Providing login details
19:46:43.800 [main] INFO  testCases.TC_002_LoginTest - Clicked on login button
19:46:44.373 [main] INFO  testCases.TC_002_LoginTest - *****Finish TC_002_LoginTest*****
19:48:33.054 [main] INFO  testCases.TC_001_account_Registration - Starting TC_001_account_Registration TEST.... 
19:48:33.129 [main] INFO  testCases.TC_001_account_Registration - reg lin clicked.... 
19:48:33.856 [main] INFO  testCases.TC_001_account_Registration - public policy start.... 
19:48:36.884 [main] INFO  testCases.TC_001_account_Registration - public policy end.... 
19:48:36.908 [main] INFO  testCases.TC_001_account_Registration - clicked on continue.... 
19:48:37.715 [main] INFO  testCases.TC_001_account_Registration - verifying msgs.... 
19:48:39.897 [main] INFO  testCases.TC_002_LoginTest - *****Starting TC_002_LoginTest*****
19:48:39.976 [main] INFO  testCases.TC_002_LoginTest - Clicked on my account
19:48:40.437 [main] INFO  testCases.TC_002_LoginTest - Clicked on login link
19:48:40.438 [main] INFO  testCases.TC_002_LoginTest - Providing login details
19:48:40.672 [main] INFO  testCases.TC_002_LoginTest - Clicked on login button
19:48:41.270 [main] INFO  testCases.TC_002_LoginTest - *****Finish TC_002_LoginTest*****
19:49:35.017 [main] INFO  testCases.TC_001_account_Registration - Starting TC_001_account_Registration TEST.... 
19:49:35.083 [main] INFO  testCases.TC_001_account_Registration - reg lin clicked.... 
19:49:35.719 [main] INFO  testCases.TC_001_account_Registration - public policy start.... 
19:49:38.744 [main] INFO  testCases.TC_001_account_Registration - public policy end.... 
19:49:38.767 [main] INFO  testCases.TC_001_account_Registration - clicked on continue.... 
19:49:39.628 [main] INFO  testCases.TC_001_account_Registration - verifying msgs.... 
19:49:39.628 [main] INFO  testCases.TC_001_account_Registration - Finished  TC_001_account_Registration TEST.... 
19:50:34.698 [main] INFO  testCases.TC_001_account_Registration - Starting TC_001_account_Registration TEST.... 
19:50:34.765 [main] INFO  testCases.TC_001_account_Registration - reg lin clicked.... 
19:50:35.473 [main] INFO  testCases.TC_001_account_Registration - public policy start.... 
19:50:38.503 [main] INFO  testCases.TC_001_account_Registration - public policy end.... 
19:50:38.525 [main] INFO  testCases.TC_001_account_Registration - clicked on continue.... 
19:50:39.391 [main] INFO  testCases.TC_001_account_Registration - verifying msgs.... 
19:50:39.396 [main] INFO  testCases.TC_001_account_Registration - Finished  TC_001_account_Registration TEST.... 
19:50:41.380 [main] INFO  testCases.TC_002_LoginTest - *****Starting TC_002_LoginTest*****
19:50:41.448 [main] INFO  testCases.TC_002_LoginTest - Clicked on my account
19:50:41.822 [main] INFO  testCases.TC_002_LoginTest - Clicked on login link
19:50:41.824 [main] INFO  testCases.TC_002_LoginTest - Providing login details
19:50:42.032 [main] INFO  testCases.TC_002_LoginTest - Clicked on login button
19:51:39.462 [main] INFO  testCases.TC_002_LoginTest - *****Starting TC_002_LoginTest*****
19:51:39.534 [main] INFO  testCases.TC_002_LoginTest - Clicked on my account
19:51:39.886 [main] INFO  testCases.TC_002_LoginTest - Clicked on login link
19:51:39.887 [main] INFO  testCases.TC_002_LoginTest - Providing login details
19:51:40.100 [main] INFO  testCases.TC_002_LoginTest - Clicked on login button
19:51:40.642 [main] INFO  testCases.TC_002_LoginTest - *****Finish TC_002_LoginTest*****
08:57:04.119 [main] INFO  testCases.TC_003_LoginDDT - *****Starting TC_003_LoginDDT*****
08:57:04.179 [main] INFO  testCases.TC_003_LoginDDT - Clicked on my account
08:57:04.511 [main] INFO  testCases.TC_003_LoginDDT - Clicked on login link
08:57:04.512 [main] INFO  testCases.TC_003_LoginDDT - Providing login details
08:57:04.694 [main] INFO  testCases.TC_003_LoginDDT - Clicked on login button
08:57:05.341 [main] INFO  testCases.TC_003_LoginDDT - *****Finish TC_003_LoginDDT*****
08:57:05.351 [main] INFO  testCases.TC_003_LoginDDT - *****Starting TC_003_LoginDDT*****
08:57:05.398 [main] INFO  testCases.TC_003_LoginDDT - Clicked on my account
08:57:05.581 [main] INFO  testCases.TC_003_LoginDDT - Clicked on login link
08:57:05.581 [main] INFO  testCases.TC_003_LoginDDT - Providing login details
08:57:05.712 [main] INFO  testCases.TC_003_LoginDDT - Clicked on login button
08:57:15.751 [main] INFO  testCases.TC_003_LoginDDT - *****Finish TC_003_LoginDDT*****
08:57:15.756 [main] INFO  testCases.TC_003_LoginDDT - *****Starting TC_003_LoginDDT*****
08:57:15.795 [main] INFO  testCases.TC_003_LoginDDT - Clicked on my account
08:57:15.979 [main] INFO  testCases.TC_003_LoginDDT - Clicked on login link
08:57:15.979 [main] INFO  testCases.TC_003_LoginDDT - Providing login details
08:57:16.110 [main] INFO  testCases.TC_003_LoginDDT - Clicked on login button
08:57:26.153 [main] INFO  testCases.TC_003_LoginDDT - *****Finish TC_003_LoginDDT*****
08:57:26.156 [main] INFO  testCases.TC_003_LoginDDT - *****Starting TC_003_LoginDDT*****
08:57:26.192 [main] INFO  testCases.TC_003_LoginDDT - Clicked on my account
08:57:26.422 [main] INFO  testCases.TC_003_LoginDDT - Clicked on login link
08:57:26.422 [main] INFO  testCases.TC_003_LoginDDT - Providing login details
08:57:26.546 [main] INFO  testCases.TC_003_LoginDDT - Clicked on login button
08:57:36.572 [main] INFO  testCases.TC_003_LoginDDT - *****Finish TC_003_LoginDDT*****
08:57:36.575 [main] INFO  testCases.TC_003_LoginDDT - *****Starting TC_003_LoginDDT*****
08:57:36.612 [main] INFO  testCases.TC_003_LoginDDT - Clicked on my account
08:57:36.796 [main] INFO  testCases.TC_003_LoginDDT - Clicked on login link
08:57:36.797 [main] INFO  testCases.TC_003_LoginDDT - Providing login details
08:57:36.928 [main] INFO  testCases.TC_003_LoginDDT - Clicked on login button
08:57:37.420 [main] INFO  testCases.TC_003_LoginDDT - *****Finish TC_003_LoginDDT*****
09:20:25.015 [main] INFO  testCases.TC_003_LoginDDT - *****Starting TC_003_LoginDDT*****
09:20:25.085 [main] INFO  testCases.TC_003_LoginDDT - Clicked on my account
09:20:25.318 [main] INFO  testCases.TC_003_LoginDDT - Clicked on login link
09:20:25.319 [main] INFO  testCases.TC_003_LoginDDT - Providing login details
09:20:25.489 [main] INFO  testCases.TC_003_LoginDDT - Clicked on login button
09:20:25.998 [main] INFO  testCases.TC_003_LoginDDT - *****Finish TC_003_LoginDDT*****
09:20:26.010 [main] INFO  testCases.TC_003_LoginDDT - *****Starting TC_003_LoginDDT*****
09:20:26.057 [main] INFO  testCases.TC_003_LoginDDT - Clicked on my account
09:20:26.265 [main] INFO  testCases.TC_003_LoginDDT - Clicked on login link
09:20:26.265 [main] INFO  testCases.TC_003_LoginDDT - Providing login details
09:20:26.423 [main] INFO  testCases.TC_003_LoginDDT - Clicked on login button
09:20:36.489 [main] INFO  testCases.TC_003_LoginDDT - *****Finish TC_003_LoginDDT*****
09:20:36.490 [main] INFO  testCases.TC_003_LoginDDT - *****Starting TC_003_LoginDDT*****
09:20:36.522 [main] INFO  testCases.TC_003_LoginDDT - Clicked on my account
09:20:36.717 [main] INFO  testCases.TC_003_LoginDDT - Clicked on login link
09:20:36.719 [main] INFO  testCases.TC_003_LoginDDT - Providing login details
09:20:36.865 [main] INFO  testCases.TC_003_LoginDDT - Clicked on login button
09:20:46.884 [main] INFO  testCases.TC_003_LoginDDT - *****Finish TC_003_LoginDDT*****
09:20:46.885 [main] INFO  testCases.TC_003_LoginDDT - *****Starting TC_003_LoginDDT*****
09:20:46.920 [main] INFO  testCases.TC_003_LoginDDT - Clicked on my account
09:20:47.154 [main] INFO  testCases.TC_003_LoginDDT - Clicked on login link
09:20:47.154 [main] INFO  testCases.TC_003_LoginDDT - Providing login details
09:20:47.297 [main] INFO  testCases.TC_003_LoginDDT - Clicked on login button
09:20:57.365 [main] INFO  testCases.TC_003_LoginDDT - *****Finish TC_003_LoginDDT*****
09:20:57.367 [main] INFO  testCases.TC_003_LoginDDT - *****Starting TC_003_LoginDDT*****
09:20:57.419 [main] INFO  testCases.TC_003_LoginDDT - Clicked on my account
09:20:57.629 [main] INFO  testCases.TC_003_LoginDDT - Clicked on login link
09:20:57.629 [main] INFO  testCases.TC_003_LoginDDT - Providing login details
09:20:57.808 [main] INFO  testCases.TC_003_LoginDDT - Clicked on login button
09:20:58.338 [main] INFO  testCases.TC_003_LoginDDT - *****Finish TC_003_LoginDDT*****
10:02:02.173 [main] INFO  testCases.TC_003_LoginDDT - *****Starting TC_003_LoginDDT*****
10:02:02.249 [main] INFO  testCases.TC_003_LoginDDT - Clicked on my account
10:02:02.814 [main] INFO  testCases.TC_003_LoginDDT - Clicked on login link
10:02:02.816 [main] INFO  testCases.TC_003_LoginDDT - Providing login details
10:02:03.018 [main] INFO  testCases.TC_003_LoginDDT - Clicked on login button
10:02:04.083 [main] INFO  testCases.TC_003_LoginDDT - *****Finish TC_003_LoginDDT*****
10:02:04.095 [main] INFO  testCases.TC_003_LoginDDT - *****Starting TC_003_LoginDDT*****
10:02:04.150 [main] INFO  testCases.TC_003_LoginDDT - Clicked on my account
10:02:04.550 [main] INFO  testCases.TC_003_LoginDDT - Clicked on login link
10:02:04.551 [main] INFO  testCases.TC_003_LoginDDT - Providing login details
10:02:04.729 [main] INFO  testCases.TC_003_LoginDDT - Clicked on login button
10:02:14.782 [main] INFO  testCases.TC_003_LoginDDT - *****Finish TC_003_LoginDDT*****
10:02:14.784 [main] INFO  testCases.TC_003_LoginDDT - *****Starting TC_003_LoginDDT*****
10:02:14.878 [main] INFO  testCases.TC_003_LoginDDT - Clicked on my account
10:02:15.307 [main] INFO  testCases.TC_003_LoginDDT - Clicked on login link
10:02:15.307 [main] INFO  testCases.TC_003_LoginDDT - Providing login details
10:02:15.595 [main] INFO  testCases.TC_003_LoginDDT - Clicked on login button
10:02:25.638 [main] INFO  testCases.TC_003_LoginDDT - *****Finish TC_003_LoginDDT*****
10:02:25.641 [main] INFO  testCases.TC_003_LoginDDT - *****Starting TC_003_LoginDDT*****
10:02:25.734 [main] INFO  testCases.TC_003_LoginDDT - Clicked on my account
10:02:26.294 [main] INFO  testCases.TC_003_LoginDDT - Clicked on login link
10:02:26.295 [main] INFO  testCases.TC_003_LoginDDT - Providing login details
10:02:26.675 [main] INFO  testCases.TC_003_LoginDDT - Clicked on login button
10:02:36.727 [main] INFO  testCases.TC_003_LoginDDT - *****Finish TC_003_LoginDDT*****
10:02:36.730 [main] INFO  testCases.TC_003_LoginDDT - *****Starting TC_003_LoginDDT*****
10:02:36.800 [main] INFO  testCases.TC_003_LoginDDT - Clicked on my account
10:02:37.183 [main] INFO  testCases.TC_003_LoginDDT - Clicked on login link
10:02:37.184 [main] INFO  testCases.TC_003_LoginDDT - Providing login details
10:02:37.488 [main] INFO  testCases.TC_003_LoginDDT - Clicked on login button
10:02:38.565 [main] INFO  testCases.TC_003_LoginDDT - *****Finish TC_003_LoginDDT*****
10:09:57.934 [main] INFO  testCases.TC_003_LoginDDT - *****Starting TC_003_LoginDDT*****
10:09:58.009 [main] INFO  testCases.TC_003_LoginDDT - Clicked on my account
10:09:58.468 [main] INFO  testCases.TC_003_LoginDDT - Clicked on login link
10:09:58.469 [main] INFO  testCases.TC_003_LoginDDT - Providing login details
10:09:58.671 [main] INFO  testCases.TC_003_LoginDDT - Clicked on login button
10:09:59.698 [main] INFO  testCases.TC_003_LoginDDT - *****Finish TC_003_LoginDDT*****
10:09:59.706 [main] INFO  testCases.TC_003_LoginDDT - *****Starting TC_003_LoginDDT*****
10:09:59.752 [main] INFO  testCases.TC_003_LoginDDT - Clicked on my account
10:10:00.122 [main] INFO  testCases.TC_003_LoginDDT - Clicked on login link
10:10:00.123 [main] INFO  testCases.TC_003_LoginDDT - Providing login details
10:10:00.325 [main] INFO  testCases.TC_003_LoginDDT - Clicked on login button
10:10:10.381 [main] INFO  testCases.TC_003_LoginDDT - *****Finish TC_003_LoginDDT*****
10:10:10.383 [main] INFO  testCases.TC_003_LoginDDT - *****Starting TC_003_LoginDDT*****
10:10:10.471 [main] INFO  testCases.TC_003_LoginDDT - Clicked on my account
10:10:10.928 [main] INFO  testCases.TC_003_LoginDDT - Clicked on login link
10:10:10.929 [main] INFO  testCases.TC_003_LoginDDT - Providing login details
10:10:11.193 [main] INFO  testCases.TC_003_LoginDDT - Clicked on login button
10:10:21.263 [main] INFO  testCases.TC_003_LoginDDT - *****Finish TC_003_LoginDDT*****
10:10:21.265 [main] INFO  testCases.TC_003_LoginDDT - *****Starting TC_003_LoginDDT*****
10:10:21.330 [main] INFO  testCases.TC_003_LoginDDT - Clicked on my account
10:10:21.817 [main] INFO  testCases.TC_003_LoginDDT - Clicked on login link
10:10:21.817 [main] INFO  testCases.TC_003_LoginDDT - Providing login details
10:10:22.078 [main] INFO  testCases.TC_003_LoginDDT - Clicked on login button
10:10:32.120 [main] INFO  testCases.TC_003_LoginDDT - *****Finish TC_003_LoginDDT*****
10:10:32.123 [main] INFO  testCases.TC_003_LoginDDT - *****Starting TC_003_LoginDDT*****
10:10:32.189 [main] INFO  testCases.TC_003_LoginDDT - Clicked on my account
10:10:32.577 [main] INFO  testCases.TC_003_LoginDDT - Clicked on login link
10:10:32.578 [main] INFO  testCases.TC_003_LoginDDT - Providing login details
10:10:32.787 [main] INFO  testCases.TC_003_LoginDDT - Clicked on login button
10:10:33.808 [main] INFO  testCases.TC_003_LoginDDT - *****Finish TC_003_LoginDDT*****
